# JRE version: Java(TM) SE Runtime Environment (8.0_201-b09) (build 1.8.0_201-b09)
# Java VM: Java HotSpot(TM) 64-Bit Server VM (25.201-b09 mixed mode windows-amd64 compressed oops)
Heap:
 PSYoungGen      total 61952K, used 17350K [0x00000000dae00000, 0x00000000def00000, 0x0000000100000000)
  eden space 57344K, 22% used [0x00000000dae00000,0x00000000dba74708,0x00000000de600000)
  from space 4608K, 99% used [0x00000000dea80000,0x00000000deefd448,0x00000000def00000)
  to   space 4608K, 0% used [0x00000000de600000,0x00000000de600000,0x00000000dea80000)
 ParOldGen       total 76800K, used 2399K [0x0000000090a00000, 0x0000000095500000, 0x00000000dae00000)
  object space 76800K, 3% used [0x0000000090a00000,0x0000000090c57ea8,0x0000000095500000)
 Metaspace       used 18325K, capacity 18472K, committed 18688K, reserved 1064960K
  class space    used 2184K, capacity 2231K, committed 2304K, reserved 1048576K
GC Heap History (8 events):
Event: 9.050 GC heap before
{Heap before GC invocations=1 (full 0):
 PSYoungGen      total 33280K, used 28672K [0x00000000dae00000, 0x00000000dd300000, 0x0000000100000000)
  eden space 28672K, 100% used [0x00000000dae00000,0x00000000dca00000,0x00000000dca00000)
  from space 4608K, 0% used [0x00000000dce80000,0x00000000dce80000,0x00000000dd300000)
  to   space 4608K, 0% used [0x00000000dca00000,0x00000000dca00000,0x00000000dce80000)
 ParOldGen       total 76800K, used 0K [0x0000000090a00000, 0x0000000095500000, 0x00000000dae00000)
  object space 76800K, 0% used [0x0000000090a00000,0x0000000090a00000,0x0000000095500000)
 Metaspace       used 10388K, capacity 10454K, committed 10496K, reserved 1058816K
  class space    used 1229K, capacity 1267K, committed 1280K, reserved 1048576K
Event: 9.817 GC heap after
Heap after GC invocations=1 (full 0):
 PSYoungGen      total 33280K, used 4102K [0x00000000dae00000, 0x00000000dd300000, 0x0000000100000000)
  eden space 28672K, 0% used [0x00000000dae00000,0x00000000dae00000,0x00000000dca00000)
  from space 4608K, 89% used [0x00000000dca00000,0x00000000dce01918,0x00000000dce80000)
  to   space 4608K, 0% used [0x00000000dce80000,0x00000000dce80000,0x00000000dd300000)
 ParOldGen       total 76800K, used 0K [0x0000000090a00000, 0x0000000095500000, 0x00000000dae00000)
  object space 76800K, 0% used [0x0000000090a00000,0x0000000090a00000,0x0000000095500000)
 Metaspace       used 10388K, capacity 10454K, committed 10496K, reserved 1058816K
  class space    used 1229K, capacity 1267K, committed 1280K, reserved 1048576K
}
Event: 12.559 GC heap before
{Heap before GC invocations=2 (full 0):
 PSYoungGen      total 33280K, used 32774K [0x00000000dae00000, 0x00000000dd300000, 0x0000000100000000)
  eden space 28672K, 100% used [0x00000000dae00000,0x00000000dca00000,0x00000000dca00000)
  from space 4608K, 89% used [0x00000000dca00000,0x00000000dce01918,0x00000000dce80000)
  to   space 4608K, 0% used [0x00000000dce80000,0x00000000dce80000,0x00000000dd300000)
 ParOldGen       total 76800K, used 0K [0x0000000090a00000, 0x0000000095500000, 0x00000000dae00000)
  object space 76800K, 0% used [0x0000000090a00000,0x0000000090a00000,0x0000000095500000)
 Metaspace       used 14643K, capacity 14774K, committed 14976K, reserved 1062912K
  class space    used 1752K, capacity 1811K, committed 1920K, reserved 1048576K
Event: 12.577 GC heap after
Heap after GC invocations=2 (full 0):
 PSYoungGen      total 33280K, used 4578K [0x00000000dae00000, 0x00000000dd300000, 0x0000000100000000)
  eden space 28672K, 0% used [0x00000000dae00000,0x00000000dae00000,0x00000000dca00000)
  from space 4608K, 99% used [0x00000000dce80000,0x00000000dd2f88d0,0x00000000dd300000)
  to   space 4608K, 0% used [0x00000000dca00000,0x00000000dca00000,0x00000000dce80000)
 ParOldGen       total 76800K, used 672K [0x0000000090a00000, 0x0000000095500000, 0x00000000dae00000)
  object space 76800K, 0% used [0x0000000090a00000,0x0000000090aa8320,0x0000000095500000)
 Metaspace       used 14643K, capacity 14774K, committed 14976K, reserved 1062912K
  class space    used 1752K, capacity 1811K, committed 1920K, reserved 1048576K
}
Event: 15.361 GC heap before
{Heap before GC invocations=3 (full 0):
 PSYoungGen      total 33280K, used 33250K [0x00000000dae00000, 0x00000000dd300000, 0x0000000100000000)
  eden space 28672K, 100% used [0x00000000dae00000,0x00000000dca00000,0x00000000dca00000)
  from space 4608K, 99% used [0x00000000dce80000,0x00000000dd2f88d0,0x00000000dd300000)
  to   space 4608K, 0% used [0x00000000dca00000,0x00000000dca00000,0x00000000dce80000)
 ParOldGen       total 76800K, used 672K [0x0000000090a00000, 0x0000000095500000, 0x00000000dae00000)
  object space 76800K, 0% used [0x0000000090a00000,0x0000000090aa8320,0x0000000095500000)
 Metaspace       used 17262K, capacity 17410K, committed 17536K, reserved 1064960K
  class space    used 2084K, capacity 2134K, committed 2176K, reserved 1048576K
Event: 15.373 GC heap after
Heap after GC invocations=3 (full 0):
 PSYoungGen      total 33280K, used 4578K [0x00000000dae00000, 0x00000000def00000, 0x0000000100000000)
  eden space 28672K, 0% used [0x00000000dae00000,0x00000000dae00000,0x00000000dca00000)
  from space 4608K, 99% used [0x00000000dca00000,0x00000000dce789b8,0x00000000dce80000)
  to   space 4608K, 0% used [0x00000000dea80000,0x00000000dea80000,0x00000000def00000)
 ParOldGen       total 76800K, used 1246K [0x0000000090a00000, 0x0000000095500000, 0x00000000dae00000)
  object space 76800K, 1% used [0x0000000090a00000,0x0000000090b37840,0x0000000095500000)
 Metaspace       used 17262K, capacity 17410K, committed 17536K, reserved 1064960K
  class space    used 2084K, capacity 2134K, committed 2176K, reserved 1048576K
}
Event: 16.235 GC heap before
{Heap before GC invocations=4 (full 0):
 PSYoungGen      total 33280K, used 33250K [0x00000000dae00000, 0x00000000def00000, 0x0000000100000000)
  eden space 28672K, 100% used [0x00000000dae00000,0x00000000dca00000,0x00000000dca00000)
  from space 4608K, 99% used [0x00000000dca00000,0x00000000dce789b8,0x00000000dce80000)
  to   space 4608K, 0% used [0x00000000dea80000,0x00000000dea80000,0x00000000def00000)
 ParOldGen       total 76800K, used 1246K [0x0000000090a00000, 0x0000000095500000, 0x00000000dae00000)
  object space 76800K, 1% used [0x0000000090a00000,0x0000000090b37840,0x0000000095500000)
 Metaspace       used 18221K, capacity 18312K, committed 18688K, reserved 1064960K
  class space    used 2183K, capacity 2199K, committed 2304K, reserved 1048576K
Event: 16.247 GC heap after
Heap after GC invocations=4 (full 0):
 PSYoungGen      total 61952K, used 4597K [0x00000000dae00000, 0x00000000def00000, 0x0000000100000000)
  eden space 57344K, 0% used [0x00000000dae00000,0x00000000dae00000,0x00000000de600000)
  from space 4608K, 99% used [0x00000000dea80000,0x00000000deefd448,0x00000000def00000)
  to   space 4608K, 0% used [0x00000000de600000,0x00000000de600000,0x00000000dea80000)
 ParOldGen       total 76800K, used 2399K [0x0000000090a00000, 0x0000000095500000, 0x00000000dae00000)
  object space 76800K, 3% used [0x0000000090a00000,0x0000000090c57ea8,0x0000000095500000)
 Metaspace       used 18221K, capacity 18312K, committed 18688K, reserved 1064960K
  class space    used 2183K, capacity 2199K, committed 2304K, reserved 1048576K
}

